This file contains any messages produced by compilers while
running configure, to aid debugging if configure makes a mistake.

It was created by twodeepuck configure 0.0.0, which was
generated by GNU Autoconf 2.69.  Invocation command line was

  $ ./configure 

## --------- ##
## Platform. ##
## --------- ##

hostname = iMac-I.local
uname -m = x86_64
uname -r = 15.6.0
uname -s = Darwin
uname -v = Darwin Kernel Version 15.6.0: Tue Jan 30 11:45:51 PST 2018; root:xnu-3248.73.8~1/RELEASE_X86_64

/usr/bin/uname -p = i386
/bin/uname -X     = unknown

/bin/arch              = unknown
/usr/bin/arch -k       = unknown
/usr/convex/getsysinfo = unknown
/usr/bin/hostinfo      = Mach kernel version:
	 Darwin Kernel Version 15.6.0: Tue Jan 30 11:45:51 PST 2018; root:xnu-3248.73.8~1/RELEASE_X86_64
Kernel configured for up to 2 processors.
2 processors are physically available.
2 processors are logically available.
Processor type: i486 (Intel 80486)
Processors active: 0 1
Primary memory available: 8.00 gigabytes
Default processor set: 236 tasks, 1086 threads, 2 processors
Load average: 0.52, Mach factor: 1.51
/bin/machine           = unknown
/usr/bin/oslevel       = unknown
/bin/universe          = unknown

PATH: /usr/local/bin
PATH: /usr/bin
PATH: /bin
PATH: /usr/sbin
PATH: /sbin
PATH: /opt/X11/bin


## ----------- ##
## Core tests. ##
## ----------- ##

configure:1890: checking for a BSD-compatible install
configure:1958: result: /usr/bin/install -c
configure:1969: checking whether build environment is sane
configure:2024: result: yes
configure:2175: checking for a thread-safe mkdir -p
configure:2214: result: ./install-sh -c -d
configure:2221: checking for gawk
configure:2237: found /usr/local/bin/gawk
configure:2248: result: gawk
configure:2259: checking whether make sets $(MAKE)
configure:2281: result: yes
configure:2310: checking whether make supports nested variables
configure:2327: result: yes
configure:2506: checking for gcc
configure:2522: found /usr/bin/gcc
configure:2533: result: gcc
configure:2762: checking for C compiler version
configure:2771: gcc --version >&5
Apple LLVM version 8.0.0 (clang-800.0.42.1)
Target: x86_64-apple-darwin15.6.0
Thread model: posix
InstalledDir: /Library/Developer/CommandLineTools/usr/bin
Configured with: --prefix=/Library/Developer/CommandLineTools/usr --with-gxx-include-dir=/usr/include/c++/4.2.1
configure:2782: $? = 0
configure:2771: gcc -v >&5
Configured with: --prefix=/Library/Developer/CommandLineTools/usr --with-gxx-include-dir=/usr/include/c++/4.2.1
Apple LLVM version 8.0.0 (clang-800.0.42.1)
Target: x86_64-apple-darwin15.6.0
Thread model: posix
InstalledDir: /Library/Developer/CommandLineTools/usr/bin
configure:2782: $? = 0
configure:2771: gcc -V >&5
clang: error: argument to '-V' is missing (expected 1 value)
clang: error: no input files
configure:2782: $? = 1
configure:2771: gcc -qversion >&5
clang: error: unknown argument: '-qversion'
clang: error: no input files
configure:2782: $? = 1
configure:2802: checking whether the C compiler works
configure:2824: gcc    conftest.c  >&5
configure:2828: $? = 0
configure:2876: result: yes
configure:2879: checking for C compiler default output file name
configure:2881: result: a.out
configure:2887: checking for suffix of executables
configure:2894: gcc -o conftest    conftest.c  >&5
configure:2898: $? = 0
configure:2920: result: 
configure:2942: checking whether we are cross compiling
configure:2950: gcc -o conftest    conftest.c  >&5
configure:2954: $? = 0
configure:2961: ./conftest
configure:2965: $? = 0
configure:2980: result: no
configure:2985: checking for suffix of object files
configure:3007: gcc -c   conftest.c >&5
configure:3011: $? = 0
configure:3032: result: o
configure:3036: checking whether we are using the GNU C compiler
configure:3055: gcc -c   conftest.c >&5
configure:3055: $? = 0
configure:3064: result: yes
configure:3073: checking whether gcc accepts -g
configure:3093: gcc -c -g  conftest.c >&5
configure:3093: $? = 0
configure:3134: result: yes
configure:3151: checking for gcc option to accept ISO C89
configure:3214: gcc  -c -g -O2  conftest.c >&5
configure:3214: $? = 0
configure:3227: result: none needed
configure:3252: checking whether gcc understands -c and -o together
configure:3274: gcc -c conftest.c -o conftest2.o
configure:3277: $? = 0
configure:3274: gcc -c conftest.c -o conftest2.o
configure:3277: $? = 0
configure:3289: result: yes
configure:3309: checking whether make supports the include directive
configure:3324: make -f confmf.GNU && cat confinc.out
this is the am__doit target
configure:3327: $? = 0
configure:3346: result: yes (GNU style)
configure:3371: checking dependency style of gcc
configure:3482: result: gcc3
configure:3555: checking for g++
configure:3571: found /usr/bin/g++
configure:3582: result: g++
configure:3609: checking for C++ compiler version
configure:3618: g++ --version >&5
Apple LLVM version 8.0.0 (clang-800.0.42.1)
Target: x86_64-apple-darwin15.6.0
Thread model: posix
InstalledDir: /Library/Developer/CommandLineTools/usr/bin
Configured with: --prefix=/Library/Developer/CommandLineTools/usr --with-gxx-include-dir=/usr/include/c++/4.2.1
configure:3629: $? = 0
configure:3618: g++ -v >&5
Configured with: --prefix=/Library/Developer/CommandLineTools/usr --with-gxx-include-dir=/usr/include/c++/4.2.1
Apple LLVM version 8.0.0 (clang-800.0.42.1)
Target: x86_64-apple-darwin15.6.0
Thread model: posix
InstalledDir: /Library/Developer/CommandLineTools/usr/bin
configure:3629: $? = 0
configure:3618: g++ -V >&5
clang: error: argument to '-V' is missing (expected 1 value)
clang: error: no input files
configure:3629: $? = 1
configure:3618: g++ -qversion >&5
clang: error: unknown argument: '-qversion'
clang: error: no input files
configure:3629: $? = 1
configure:3633: checking whether we are using the GNU C++ compiler
configure:3652: g++ -c   conftest.cpp >&5
configure:3652: $? = 0
configure:3661: result: yes
configure:3670: checking whether g++ accepts -g
configure:3690: g++ -c -g  conftest.cpp >&5
configure:3690: $? = 0
configure:3731: result: yes
configure:3756: checking dependency style of g++
configure:3867: result: gcc3
configure:3926: checking for ranlib
configure:3942: found /usr/bin/ranlib
configure:3953: result: ranlib
configure:4128: checking that generated files are newer than configure
configure:4134: result: done
configure:4161: creating ./config.status

## ---------------------- ##
## Running config.status. ##
## ---------------------- ##

This file was extended by twodeepuck config.status 0.0.0, which was
generated by GNU Autoconf 2.69.  Invocation command line was

  CONFIG_FILES    = 
  CONFIG_HEADERS  = 
  CONFIG_LINKS    = 
  CONFIG_COMMANDS = 
  $ ./config.status 

on iMac-I.local

config.status:857: creating Makefile
config.status:857: creating objects/Makefile
config.status:857: creating sensors/Makefile
config.status:857: creating controllers/Makefile
config.status:857: creating collisions/Makefile
config.status:857: creating actuators/Makefile
config.status:857: creating arenas/Makefile
config.status:857: creating renders/Makefile
config.status:857: creating renders/drawstuff/Makefile
config.status:857: creating experiments/Makefile
config.status:857: creating populations/Makefile
config.status:857: creating fitnessfunctions/Makefile
config.status:857: creating config.h
config.status:1038: config.h is unchanged
config.status:1086: executing depfiles commands
config.status:1163: cd .       && sed -e '/# am--include-marker/d' Makefile         | make -f - am--depfiles
make: Nothing to be done for `am--depfiles'.
config.status:1168: $? = 0
config.status:1163: cd objects       && sed -e '/# am--include-marker/d' Makefile         | make -f - am--depfiles
make: Nothing to be done for `am--depfiles'.
config.status:1168: $? = 0
config.status:1163: cd sensors       && sed -e '/# am--include-marker/d' Makefile         | make -f - am--depfiles
make: Nothing to be done for `am--depfiles'.
config.status:1168: $? = 0
config.status:1163: cd controllers       && sed -e '/# am--include-marker/d' Makefile         | make -f - am--depfiles
make: Nothing to be done for `am--depfiles'.
config.status:1168: $? = 0
config.status:1163: cd collisions       && sed -e '/# am--include-marker/d' Makefile         | make -f - am--depfiles
make: Nothing to be done for `am--depfiles'.
config.status:1168: $? = 0
config.status:1163: cd actuators       && sed -e '/# am--include-marker/d' Makefile         | make -f - am--depfiles
make: Nothing to be done for `am--depfiles'.
config.status:1168: $? = 0
config.status:1163: cd arenas       && sed -e '/# am--include-marker/d' Makefile         | make -f - am--depfiles
make: Nothing to be done for `am--depfiles'.
config.status:1168: $? = 0
config.status:1163: cd renders       && sed -e '/# am--include-marker/d' Makefile         | make -f - am--depfiles
make: Nothing to be done for `am--depfiles'.
config.status:1168: $? = 0
config.status:1163: cd renders/drawstuff       && sed -e '/# am--include-marker/d' Makefile         | make -f - am--depfiles
make: Nothing to be done for `am--depfiles'.
config.status:1168: $? = 0
config.status:1163: cd experiments       && sed -e '/# am--include-marker/d' Makefile         | make -f - am--depfiles
make: Nothing to be done for `am--depfiles'.
config.status:1168: $? = 0
config.status:1163: cd populations       && sed -e '/# am--include-marker/d' Makefile         | make -f - am--depfiles
make: Nothing to be done for `am--depfiles'.
config.status:1168: $? = 0
config.status:1163: cd fitnessfunctions       && sed -e '/# am--include-marker/d' Makefile         | make -f - am--depfiles
make: Nothing to be done for `am--depfiles'.
config.status:1168: $? = 0

## ---------------- ##
## Cache variables. ##
## ---------------- ##

ac_cv_c_compiler_gnu=yes
ac_cv_cxx_compiler_gnu=yes
ac_cv_env_CCC_set=
ac_cv_env_CCC_value=
ac_cv_env_CC_set=
ac_cv_env_CC_value=
ac_cv_env_CFLAGS_set=
ac_cv_env_CFLAGS_value=
ac_cv_env_CPPFLAGS_set=
ac_cv_env_CPPFLAGS_value=
ac_cv_env_CXXFLAGS_set=
ac_cv_env_CXXFLAGS_value=
ac_cv_env_CXX_set=
ac_cv_env_CXX_value=
ac_cv_env_LDFLAGS_set=
ac_cv_env_LDFLAGS_value=
ac_cv_env_LIBS_set=
ac_cv_env_LIBS_value=
ac_cv_env_build_alias_set=
ac_cv_env_build_alias_value=
ac_cv_env_host_alias_set=
ac_cv_env_host_alias_value=
ac_cv_env_target_alias_set=
ac_cv_env_target_alias_value=
ac_cv_objext=o
ac_cv_path_install='/usr/bin/install -c'
ac_cv_prog_AWK=gawk
ac_cv_prog_ac_ct_CC=gcc
ac_cv_prog_ac_ct_CXX=g++
ac_cv_prog_ac_ct_RANLIB=ranlib
ac_cv_prog_cc_c89=
ac_cv_prog_cc_g=yes
ac_cv_prog_cxx_g=yes
ac_cv_prog_make_make_set=yes
am_cv_CC_dependencies_compiler_type=gcc3
am_cv_CXX_dependencies_compiler_type=gcc3
am_cv_make_support_nested_variables=yes
am_cv_prog_cc_c_o=yes

## ----------------- ##
## Output variables. ##
## ----------------- ##

ACLOCAL='${SHELL} /Users/daniel/Documents/IRIN/irsim/missing aclocal-1.16'
AMDEPBACKSLASH='\'
AMDEP_FALSE='#'
AMDEP_TRUE=''
AMTAR='$${TAR-tar}'
AM_BACKSLASH='\'
AM_DEFAULT_V='$(AM_DEFAULT_VERBOSITY)'
AM_DEFAULT_VERBOSITY='1'
AM_V='$(V)'
AUTOCONF='${SHELL} /Users/daniel/Documents/IRIN/irsim/missing autoconf'
AUTOHEADER='${SHELL} /Users/daniel/Documents/IRIN/irsim/missing autoheader'
AUTOMAKE='${SHELL} /Users/daniel/Documents/IRIN/irsim/missing automake-1.16'
AWK='gawk'
CC='gcc'
CCDEPMODE='depmode=gcc3'
CFLAGS='-O3'
CPPFLAGS=''
CXX='g++'
CXXDEPMODE='depmode=gcc3'
CXXFLAGS='-O3'
CYGPATH_W='echo'
DEFS='-DHAVE_CONFIG_H'
DEPDIR='.deps'
ECHO_C='\c'
ECHO_N=''
ECHO_T=''
EXEEXT=''
INSTALL_DATA='${INSTALL} -m 644'
INSTALL_PROGRAM='${INSTALL}'
INSTALL_SCRIPT='${INSTALL}'
INSTALL_STRIP_PROGRAM='$(install_sh) -c -s'
LDFLAGS=''
LIBOBJS=''
LIBS=''
LTLIBOBJS=''
MAKEINFO='${SHELL} /Users/daniel/Documents/IRIN/irsim/missing makeinfo'
MKDIR_P='./install-sh -c -d'
OBJEXT='o'
PACKAGE='twodeepuck'
PACKAGE_BUGREPORT=''
PACKAGE_NAME='twodeepuck'
PACKAGE_STRING='twodeepuck 0.0.0'
PACKAGE_TARNAME='twodeepuck'
PACKAGE_URL=''
PACKAGE_VERSION='0.0.0'
PATH_SEPARATOR=':'
RANLIB='ranlib'
SET_MAKE=''
SHELL='/bin/sh'
STRIP=''
VERSION='0.0.0'
ac_ct_CC='gcc'
ac_ct_CXX='g++'
am__EXEEXT_FALSE=''
am__EXEEXT_TRUE='#'
am__fastdepCC_FALSE='#'
am__fastdepCC_TRUE=''
am__fastdepCXX_FALSE='#'
am__fastdepCXX_TRUE=''
am__include='include'
am__isrc=''
am__leading_dot='.'
am__nodep='_no'
am__quote=''
am__tar='$${TAR-tar} chof - "$$tardir"'
am__untar='$${TAR-tar} xf -'
bindir='${exec_prefix}/bin'
build_alias=''
datadir='${datarootdir}'
datarootdir='${prefix}/share'
docdir='${datarootdir}/doc/${PACKAGE_TARNAME}'
dvidir='${docdir}'
exec_prefix='${prefix}'
host_alias=''
htmldir='${docdir}'
includedir='${prefix}/include'
infodir='${datarootdir}/info'
install_sh='${SHELL} /Users/daniel/Documents/IRIN/irsim/install-sh'
libdir='${exec_prefix}/lib'
libexecdir='${exec_prefix}/libexec'
localedir='${datarootdir}/locale'
localstatedir='${prefix}/var'
mandir='${datarootdir}/man'
mkdir_p='$(MKDIR_P)'
oldincludedir='/usr/include'
pdfdir='${docdir}'
prefix='/usr/local'
program_transform_name='s,x,x,'
psdir='${docdir}'
sbindir='${exec_prefix}/sbin'
sharedstatedir='${prefix}/com'
sysconfdir='${prefix}/etc'
target_alias=''

## ----------- ##
## confdefs.h. ##
## ----------- ##

/* confdefs.h */
#define PACKAGE_NAME "twodeepuck"
#define PACKAGE_TARNAME "twodeepuck"
#define PACKAGE_VERSION "0.0.0"
#define PACKAGE_STRING "twodeepuck 0.0.0"
#define PACKAGE_BUGREPORT ""
#define PACKAGE_URL ""
#define PACKAGE "twodeepuck"
#define VERSION "0.0.0"

configure: exit 0
